Mono path[0] = 'C:/Users/Park woojin/Desktop/2021_RLKR_Drone_Delivery_Challenge_with_Unity-master/DroneDelivery_Data/Managed'
Mono config path = 'C:/Users/Park woojin/Desktop/2021_RLKR_Drone_Delivery_Challenge_with_Unity-master/MonoBleedingEdge/etc'
Initialize engine version: 2021.1.6f1 (d6fd741ee4c5)
[Subsystems] Discovering subsystems at path C:/Users/Park woojin/Desktop/2021_RLKR_Drone_Delivery_Challenge_with_Unity-master/DroneDelivery_Data/UnitySubsystems
GfxDevice: creating device client; threaded=1; jobified=0
Direct3D:
    Version:  Direct3D 11.0 [level 11.1]
    Renderer: NVIDIA GeForce GTX 1660 SUPER (ID=0x21c4)
    Vendor:   NVIDIA
    VRAM:     5991 MB
    Driver:   30.0.14.7196
Begin MonoManager ReloadAssembly
- Completed reload, in  0.137 seconds
D3D11 device created for Microsoft Media Foundation video decoding.
<RI> Initializing input.
<RI> Input initialized.
<RI> Initialized touch support.
UnloadTime: 0.487600 ms
Setting up 3 worker threads for Enlighten.
  Thread -> id: 4378 -> priority: 1 
  Thread -> id: 3684 -> priority: 1 
  Thread -> id: ae40 -> priority: 1 
