Mono path[0] = 'C:/Users/kgu308/Desktop/drone/DroneDelivery_Data/Managed'
Mono config path = 'C:/Users/kgu308/Desktop/drone/MonoBleedingEdge/etc'
Initialize engine version: 2021.1.6f1 (d6fd741ee4c5)
[Subsystems] Discovering subsystems at path C:/Users/kgu308/Desktop/drone/DroneDelivery_Data/UnitySubsystems
GfxDevice: creating device client; threaded=1; jobified=0
Direct3D:
    Version:  Direct3D 11.0 [level 11.1]
    Renderer: NVIDIA GeForce GTX 1660 SUPER (ID=0x21c4)
    Vendor:   NVIDIA
    VRAM:     5991 MB
    Driver:   30.0.14.9649
Begin MonoManager ReloadAssembly
- Completed reload, in  0.102 seconds
D3D11 device created for Microsoft Media Foundation video decoding.
<RI> Initializing input.
XInput1_3.dll not found. Trying XInput9_1_0.dll instead...
<RI> Input initialized.
<RI> Initialized touch support.
UnloadTime: 0.829500 ms
Fallback handler could not load library C:/Users/kgu308/Desktop/drone/DroneDelivery_Data/Mono/libcoreclr.so
Fallback handler could not load library C:/Users/kgu308/Desktop/drone/DroneDelivery_Data/Mono/libcoreclr.so.dll
Fallback handler could not load library C:/Users/kgu308/Desktop/drone/DroneDelivery_Data/Mono/libcoreclr.so
Fallback handler could not load library C:/Users/kgu308/Desktop/drone/DroneDelivery_Data/Mono/libdl.so
Fallback handler could not load library C:/Users/kgu308/Desktop/drone/DroneDelivery_Data/Mono/libdl.so.dll
Fallback handler could not load library C:/Users/kgu308/Desktop/drone/DroneDelivery_Data/Mono/libdl.so
Fallback handler could not load library C:/Users/kgu308/Desktop/drone/DroneDelivery_Data/Mono/libSystem.dylib
Fallback handler could not load library C:/Users/kgu308/Desktop/drone/DroneDelivery_Data/Mono/libSystem.dylib.dll
Fallback handler could not load library C:/Users/kgu308/Desktop/drone/DroneDelivery_Data/Mono/libSystem.dylib
Fallback handler could not load library C:/Users/kgu308/Desktop/drone/DroneDelivery_Data/Mono/libcoreclr.so
Fallback handler could not load library C:/Users/kgu308/Desktop/drone/DroneDelivery_Data/Mono/libcoreclr.so.dll
Fallback handler could not load library C:/Users/kgu308/Desktop/drone/DroneDelivery_Data/Mono/libcoreclr.so
Fallback handler could not load library C:/Users/kgu308/Desktop/drone/DroneDelivery_Data/Mono/libdl.so
Fallback handler could not load library C:/Users/kgu308/Desktop/drone/DroneDelivery_Data/Mono/libdl.so.dll
Fallback handler could not load library C:/Users/kgu308/Desktop/drone/DroneDelivery_Data/Mono/libdl.so
Fallback handler could not load library C:/Users/kgu308/Desktop/drone/DroneDelivery_Data/Mono/libSystem.dylib
Fallback handler could not load library C:/Users/kgu308/Desktop/drone/DroneDelivery_Data/Mono/libSystem.dylib.dll
Fallback handler could not load library C:/Users/kgu308/Desktop/drone/DroneDelivery_Data/Mono/libSystem.dylib
Setting up 16 worker threads for Enlighten.
  Thread -> id: 6220 -> priority: 1 
  Thread -> id: 4ea8 -> priority: 1 
  Thread -> id: 6534 -> priority: 1 
  Thread -> id: 4f88 -> priority: 1 
  Thread -> id: 3d80 -> priority: 1 
  Thread -> id: 3c0 -> priority: 1 
  Thread -> id: 67e8 -> priority: 1 
  Thread -> id: 6198 -> priority: 1 
  Thread -> id: eec -> priority: 1 
  Thread -> id: 4dec -> priority: 1 
  Thread -> id: 750 -> priority: 1 
  Thread -> id: 2338 -> priority: 1 
  Thread -> id: 61e4 -> priority: 1 
  Thread -> id: 4cf4 -> priority: 1 
  Thread -> id: 35bc -> priority: 1 
  Thread -> id: 4c9c -> priority: 1 
