Mono path[0] = 'C:/Users/kgu308/Desktop/drone/DroneDelivery_Data/Managed'
Mono config path = 'C:/Users/kgu308/Desktop/drone/MonoBleedingEdge/etc'
Initialize engine version: 2021.1.6f1 (d6fd741ee4c5)
[Subsystems] Discovering subsystems at path C:/Users/kgu308/Desktop/drone/DroneDelivery_Data/UnitySubsystems
GfxDevice: creating device client; threaded=1; jobified=0
Direct3D:
    Version:  Direct3D 11.0 [level 11.1]
    Renderer: NVIDIA GeForce GTX 1660 SUPER (ID=0x21c4)
    Vendor:   NVIDIA
    VRAM:     5991 MB
    Driver:   30.0.14.9649
Begin MonoManager ReloadAssembly
- Completed reload, in  0.112 seconds
D3D11 device created for Microsoft Media Foundation video decoding.
<RI> Initializing input.
XInput1_3.dll not found. Trying XInput9_1_0.dll instead...
<RI> Input initialized.
<RI> Initialized touch support.
UnloadTime: 0.757000 ms
Fallback handler could not load library C:/Users/kgu308/Desktop/drone/DroneDelivery_Data/Mono/libcoreclr.so
Fallback handler could not load library C:/Users/kgu308/Desktop/drone/DroneDelivery_Data/Mono/libcoreclr.so.dll
Fallback handler could not load library C:/Users/kgu308/Desktop/drone/DroneDelivery_Data/Mono/libcoreclr.so
Fallback handler could not load library C:/Users/kgu308/Desktop/drone/DroneDelivery_Data/Mono/libdl.so
Fallback handler could not load library C:/Users/kgu308/Desktop/drone/DroneDelivery_Data/Mono/libdl.so.dll
Fallback handler could not load library C:/Users/kgu308/Desktop/drone/DroneDelivery_Data/Mono/libdl.so
Fallback handler could not load library C:/Users/kgu308/Desktop/drone/DroneDelivery_Data/Mono/libSystem.dylib
Fallback handler could not load library C:/Users/kgu308/Desktop/drone/DroneDelivery_Data/Mono/libSystem.dylib.dll
Fallback handler could not load library C:/Users/kgu308/Desktop/drone/DroneDelivery_Data/Mono/libSystem.dylib
Fallback handler could not load library C:/Users/kgu308/Desktop/drone/DroneDelivery_Data/Mono/libcoreclr.so
Fallback handler could not load library C:/Users/kgu308/Desktop/drone/DroneDelivery_Data/Mono/libcoreclr.so.dll
Fallback handler could not load library C:/Users/kgu308/Desktop/drone/DroneDelivery_Data/Mono/libcoreclr.so
Fallback handler could not load library C:/Users/kgu308/Desktop/drone/DroneDelivery_Data/Mono/libdl.so
Fallback handler could not load library C:/Users/kgu308/Desktop/drone/DroneDelivery_Data/Mono/libdl.so.dll
Fallback handler could not load library C:/Users/kgu308/Desktop/drone/DroneDelivery_Data/Mono/libdl.so
Fallback handler could not load library C:/Users/kgu308/Desktop/drone/DroneDelivery_Data/Mono/libSystem.dylib
Fallback handler could not load library C:/Users/kgu308/Desktop/drone/DroneDelivery_Data/Mono/libSystem.dylib.dll
Fallback handler could not load library C:/Users/kgu308/Desktop/drone/DroneDelivery_Data/Mono/libSystem.dylib
Setting up 16 worker threads for Enlighten.
  Thread -> id: 5290 -> priority: 1 
  Thread -> id: 4e58 -> priority: 1 
  Thread -> id: 46c8 -> priority: 1 
  Thread -> id: 27a0 -> priority: 1 
  Thread -> id: 4b40 -> priority: 1 
  Thread -> id: 1f10 -> priority: 1 
  Thread -> id: 4bb4 -> priority: 1 
  Thread -> id: dec -> priority: 1 
  Thread -> id: 53a8 -> priority: 1 
  Thread -> id: 4ee8 -> priority: 1 
  Thread -> id: 5350 -> priority: 1 
  Thread -> id: 4840 -> priority: 1 
  Thread -> id: 50bc -> priority: 1 
  Thread -> id: 57f8 -> priority: 1 
  Thread -> id: 56f8 -> priority: 1 
  Thread -> id: 3024 -> priority: 1 
